[18:43:36.446] Global cache location '/home/rodrigo/.cache/typescript/4.5', safe file path '/home/rodrigo/Workspace/wikidex-learning-react/node_modules/typescript/lib/typingSafeList.json', types map path /home/rodrigo/Workspace/wikidex-learning-react/node_modules/typescript/lib/typesMap.json
[18:43:36.447] Processing cache location '/home/rodrigo/.cache/typescript/4.5'
[18:43:36.447] Trying to find '/home/rodrigo/.cache/typescript/4.5/package.json'...
[18:43:36.502] Loaded content of '/home/rodrigo/.cache/typescript/4.5/package.json': {"private":true,"dependencies":{"types-registry":"^0.1.574"},"devDependencies":{"@types/arr-diff":"^4.0.0","@types/arr-union":"^3.1.0","@types/array-unique":"^0.3.0","@types/assert-plus":"^1.0.4","@types/async":"^3.2.10","@types/atob":"^2.1.2","@types/aws4":"^1.11.0","@types/balanced-match":"^1.0.1","@types/big.js":"^6.1.2","@types/bindings":"^1.5.1","@types/bluebird":"^3.5.36","@types/bn.js":"^5.1.0","@types/boolbase":"^1.0.0","@types/bootstrap":"^5.1.6","@types/brace-expansion":"^1.1.0","@types/brorand":"^1.0.30","@types/buffer-from":"^1.1.0","@types/buffer-json":"^2.0.0","@types/buffer-xor":"^2.0.0","@types/bytes":"^3.1.1","@types/call-bind":"^1.0.0","@types/caniuse-lite":"^1.0.1","@types/case-sensitive-paths-webpack-plugin":"^2.1.6","@types/caseless":"^0.12.2","@types/check-types":"^7.3.3","@types/chownr":"^1.0.0","@types/clean-css":"^4.2.5","@types/cli-spinners":"^1.3.0","@types/clone":"^2.1.1","@types/color-convert":"^2.0.0","@types/color-name":"^1.1.1","@types/combined-stream":"^1.0.3","@types/commondir":"^1.0.0","@types/component-emitter":"^1.2.11","@types/concat-map":"0.0.1","@types/connect-history-api-fallback":"^1.3.5","@types/consolidate":"^0.14.1","@types/content-type":"^1.1.5","@types/cookie":"^0.4.1","@types/cookie-signature":"^1.0.3","@types/core-js":"^2.5.5","@types/cssesc":"^3.0.0","@types/csso":"^5.0.0","@types/dashdash":"^1.14.1","@types/decode-uri-component":"^0.2.0","@types/defaults":"^1.0.3","@types/depd":"^1.1.32","@types/destroy":"^1.0.0","@types/detect-node":"^2.0.0","@types/ee-first":"^1.1.0","@types/ejs":"^3.1.0","@types/encodeurl":"^1.0.0","@types/escape-html":"^1.0.1","@types/eslint-scope":"^3.7.1","@types/esprima":"^4.0.3","@types/estraverse":"^5.1.1","@types/esutils":"^2.0.0","@types/etag":"^1.8.1","@types/events":"^3.0.0","@types/express":"^4.17.13","@types/extend":"^3.0.1","@types/extsprintf":"^1.4.1","@types/follow-redirects":"^1.13.1","@types/jquery":"^3.5.10","@types/lz-string":"^1.3.34","@types/object-assign":"^4.0.30","@types/react":"^17.0.38","@types/react-dom":"^17.0.11","@types/scheduler":"^0.16.2","@types/select2":"^4.0.54","@types/serve-static":"^1.13.10","@types/sprintf":"^0.1.0","@types/styled-components":"^5.1.19","@types/testing-library__jest-dom":"^5.14.2","@types/tryer":"^1.0.2","@types/yup":"^0.29.13"}}
[18:43:36.502] Loaded content of '/home/rodrigo/.cache/typescript/4.5/package-lock.json'
[18:43:36.555] Adding entry into typings cache: 'arr-diff' => '/home/rodrigo/.cache/typescript/4.5/node_modules/@types/arr-diff/index.d.ts'
[18:43:36.567] Adding entry into typings cache: 'arr-union' => '/home/rodrigo/.cache/typescript/4.5/node_modules/@types/arr-union/index.d.ts'
[18:43:36.570] Adding entry into typings cache: 'array-unique' => '/home/rodrigo/.cache/typescript/4.5/node_modules/@types/array-unique/index.d.ts'
[18:43:36.577] Adding entry into typings cache: 'assert-plus' => '/home/rodrigo/.cache/typescript/4.5/node_modules/@types/assert-plus/index.d.ts'
[18:43:36.601] Adding entry into typings cache: 'async' => '/home/rodrigo/.cache/typescript/4.5/node_modules/@types/async/index.d.ts'
[18:43:36.617] Adding entry into typings cache: 'atob' => '/home/rodrigo/.cache/typescript/4.5/node_modules/@types/atob/index.d.ts'
[18:43:36.619] Adding entry into typings cache: 'aws4' => '/home/rodrigo/.cache/typescript/4.5/node_modules/@types/aws4/index.d.ts'
[18:43:36.621] Adding entry into typings cache: 'balanced-match' => '/home/rodrigo/.cache/typescript/4.5/node_modules/@types/balanced-match/index.d.ts'
[18:43:36.623] Adding entry into typings cache: 'big.js' => '/home/rodrigo/.cache/typescript/4.5/node_modules/@types/big.js/index.d.ts'
[18:43:36.632] Adding entry into typings cache: 'bindings' => '/home/rodrigo/.cache/typescript/4.5/node_modules/@types/bindings/index.d.ts'
[18:43:36.634] Adding entry into typings cache: 'bluebird' => '/home/rodrigo/.cache/typescript/4.5/node_modules/@types/bluebird/index.d.ts'
[18:43:36.636] Adding entry into typings cache: 'bn.js' => '/home/rodrigo/.cache/typescript/4.5/node_modules/@types/bn.js/index.d.ts'
[18:43:36.638] Adding entry into typings cache: 'boolbase' => '/home/rodrigo/.cache/typescript/4.5/node_modules/@types/boolbase/index.d.ts'
[18:43:36.660] Adding entry into typings cache: 'bootstrap' => '/home/rodrigo/.cache/typescript/4.5/node_modules/@types/bootstrap/index.d.ts'
[18:43:36.661] Adding entry into typings cache: 'brace-expansion' => '/home/rodrigo/.cache/typescript/4.5/node_modules/@types/brace-expansion/index.d.ts'
[18:43:36.663] Adding entry into typings cache: 'brorand' => '/home/rodrigo/.cache/typescript/4.5/node_modules/@types/brorand/index.d.ts'
[18:43:36.665] Adding entry into typings cache: 'buffer-from' => '/home/rodrigo/.cache/typescript/4.5/node_modules/@types/buffer-from/index.d.ts'
[18:43:36.666] Adding entry into typings cache: 'buffer-json' => '/home/rodrigo/.cache/typescript/4.5/node_modules/@types/buffer-json/index.d.ts'
[18:43:36.668] Adding entry into typings cache: 'buffer-xor' => '/home/rodrigo/.cache/typescript/4.5/node_modules/@types/buffer-xor/index.d.ts'
[18:43:36.669] Adding entry into typings cache: 'bytes' => '/home/rodrigo/.cache/typescript/4.5/node_modules/@types/bytes/index.d.ts'
[18:43:36.687] Adding entry into typings cache: 'call-bind' => '/home/rodrigo/.cache/typescript/4.5/node_modules/@types/call-bind/index.d.ts'
[18:43:36.689] Adding entry into typings cache: 'caniuse-lite' => '/home/rodrigo/.cache/typescript/4.5/node_modules/@types/caniuse-lite/index.d.ts'
[18:43:36.691] Adding entry into typings cache: 'case-sensitive-paths-webpack-plugin' => '/home/rodrigo/.cache/typescript/4.5/node_modules/@types/case-sensitive-paths-webpack-plugin/index.d.ts'
[18:43:36.692] Adding entry into typings cache: 'caseless' => '/home/rodrigo/.cache/typescript/4.5/node_modules/@types/caseless/index.d.ts'
[18:43:36.693] Adding entry into typings cache: 'check-types' => '/home/rodrigo/.cache/typescript/4.5/node_modules/@types/check-types/index.d.ts'
[18:43:36.695] Adding entry into typings cache: 'chownr' => '/home/rodrigo/.cache/typescript/4.5/node_modules/@types/chownr/index.d.ts'
[18:43:36.696] Adding entry into typings cache: 'clean-css' => '/home/rodrigo/.cache/typescript/4.5/node_modules/@types/clean-css/index.d.ts'
[18:43:36.698] Adding entry into typings cache: 'cli-spinners' => '/home/rodrigo/.cache/typescript/4.5/node_modules/@types/cli-spinners/index.d.ts'
[18:43:36.699] Adding entry into typings cache: 'clone' => '/home/rodrigo/.cache/typescript/4.5/node_modules/@types/clone/index.d.ts'
[18:43:36.718] Adding entry into typings cache: 'color-convert' => '/home/rodrigo/.cache/typescript/4.5/node_modules/@types/color-convert/index.d.ts'
[18:43:36.721] Adding entry into typings cache: 'color-name' => '/home/rodrigo/.cache/typescript/4.5/node_modules/@types/color-name/index.d.ts'
[18:43:36.722] Adding entry into typings cache: 'combined-stream' => '/home/rodrigo/.cache/typescript/4.5/node_modules/@types/combined-stream/index.d.ts'
[18:43:36.724] Adding entry into typings cache: 'commondir' => '/home/rodrigo/.cache/typescript/4.5/node_modules/@types/commondir/index.d.ts'
[18:43:36.725] Adding entry into typings cache: 'component-emitter' => '/home/rodrigo/.cache/typescript/4.5/node_modules/@types/component-emitter/index.d.ts'
[18:43:36.726] Adding entry into typings cache: 'concat-map' => '/home/rodrigo/.cache/typescript/4.5/node_modules/@types/concat-map/index.d.ts'
[18:43:36.728] Adding entry into typings cache: 'connect-history-api-fallback' => '/home/rodrigo/.cache/typescript/4.5/node_modules/@types/connect-history-api-fallback/index.d.ts'
[18:43:36.730] Adding entry into typings cache: 'consolidate' => '/home/rodrigo/.cache/typescript/4.5/node_modules/@types/consolidate/index.d.ts'
[18:43:36.748] Adding entry into typings cache: 'content-type' => '/home/rodrigo/.cache/typescript/4.5/node_modules/@types/content-type/index.d.ts'
[18:43:36.750] Adding entry into typings cache: 'cookie' => '/home/rodrigo/.cache/typescript/4.5/node_modules/@types/cookie/index.d.ts'
[18:43:36.751] Adding entry into typings cache: 'cookie-signature' => '/home/rodrigo/.cache/typescript/4.5/node_modules/@types/cookie-signature/index.d.ts'
[18:43:36.752] Adding entry into typings cache: 'core-js' => '/home/rodrigo/.cache/typescript/4.5/node_modules/@types/core-js/index.d.ts'
[18:43:36.754] Adding entry into typings cache: 'cssesc' => '/home/rodrigo/.cache/typescript/4.5/node_modules/@types/cssesc/index.d.ts'
[18:43:36.755] Adding entry into typings cache: 'csso' => '/home/rodrigo/.cache/typescript/4.5/node_modules/@types/csso/index.d.ts'
[18:43:36.757] Adding entry into typings cache: 'dashdash' => '/home/rodrigo/.cache/typescript/4.5/node_modules/@types/dashdash/index.d.ts'
[18:43:36.758] Adding entry into typings cache: 'decode-uri-component' => '/home/rodrigo/.cache/typescript/4.5/node_modules/@types/decode-uri-component/index.d.ts'
[18:43:36.761] Adding entry into typings cache: 'defaults' => '/home/rodrigo/.cache/typescript/4.5/node_modules/@types/defaults/index.d.ts'
[18:43:36.770] Adding entry into typings cache: 'depd' => '/home/rodrigo/.cache/typescript/4.5/node_modules/@types/depd/index.d.ts'
[18:43:36.772] Adding entry into typings cache: 'destroy' => '/home/rodrigo/.cache/typescript/4.5/node_modules/@types/destroy/index.d.ts'
[18:43:36.772] Adding entry into typings cache: 'detect-node' => '/home/rodrigo/.cache/typescript/4.5/node_modules/@types/detect-node/index.d.ts'
[18:43:36.773] Adding entry into typings cache: 'ee-first' => '/home/rodrigo/.cache/typescript/4.5/node_modules/@types/ee-first/index.d.ts'
[18:43:36.774] Adding entry into typings cache: 'ejs' => '/home/rodrigo/.cache/typescript/4.5/node_modules/@types/ejs/index.d.ts'
[18:43:36.775] Adding entry into typings cache: 'encodeurl' => '/home/rodrigo/.cache/typescript/4.5/node_modules/@types/encodeurl/index.d.ts'
[18:43:36.776] Adding entry into typings cache: 'escape-html' => '/home/rodrigo/.cache/typescript/4.5/node_modules/@types/escape-html/index.d.ts'
[18:43:36.777] Adding entry into typings cache: 'eslint-scope' => '/home/rodrigo/.cache/typescript/4.5/node_modules/@types/eslint-scope/index.d.ts'
[18:43:36.778] Adding entry into typings cache: 'esprima' => '/home/rodrigo/.cache/typescript/4.5/node_modules/@types/esprima/index.d.ts'
[18:43:36.779] Adding entry into typings cache: 'estraverse' => '/home/rodrigo/.cache/typescript/4.5/node_modules/@types/estraverse/index.d.ts'
[18:43:36.780] Adding entry into typings cache: 'esutils' => '/home/rodrigo/.cache/typescript/4.5/node_modules/@types/esutils/index.d.ts'
[18:43:36.781] Adding entry into typings cache: 'etag' => '/home/rodrigo/.cache/typescript/4.5/node_modules/@types/etag/index.d.ts'
[18:43:36.782] Adding entry into typings cache: 'events' => '/home/rodrigo/.cache/typescript/4.5/node_modules/@types/events/index.d.ts'
[18:43:36.805] Adding entry into typings cache: 'express' => '/home/rodrigo/.cache/typescript/4.5/node_modules/@types/express/index.d.ts'
[18:43:36.815] Adding entry into typings cache: 'extend' => '/home/rodrigo/.cache/typescript/4.5/node_modules/@types/extend/index.d.ts'
[18:43:36.817] Adding entry into typings cache: 'extsprintf' => '/home/rodrigo/.cache/typescript/4.5/node_modules/@types/extsprintf/index.d.ts'
[18:43:36.818] Adding entry into typings cache: 'follow-redirects' => '/home/rodrigo/.cache/typescript/4.5/node_modules/@types/follow-redirects/index.d.ts'
[18:43:36.831] Adding entry into typings cache: 'jquery' => '/home/rodrigo/.cache/typescript/4.5/node_modules/@types/jquery/index.d.ts'
[18:43:36.853] Adding entry into typings cache: 'lz-string' => '/home/rodrigo/.cache/typescript/4.5/node_modules/@types/lz-string/index.d.ts'
[18:43:36.854] Adding entry into typings cache: 'object-assign' => '/home/rodrigo/.cache/typescript/4.5/node_modules/@types/object-assign/index.d.ts'
[18:43:36.873] Adding entry into typings cache: 'react' => '/home/rodrigo/.cache/typescript/4.5/node_modules/@types/react/index.d.ts'
[18:43:36.889] Adding entry into typings cache: 'react-dom' => '/home/rodrigo/.cache/typescript/4.5/node_modules/@types/react-dom/index.d.ts'
[18:43:36.890] Adding entry into typings cache: 'scheduler' => '/home/rodrigo/.cache/typescript/4.5/node_modules/@types/scheduler/index.d.ts'
[18:43:36.891] Adding entry into typings cache: 'select2' => '/home/rodrigo/.cache/typescript/4.5/node_modules/@types/select2/index.d.ts'
[18:43:36.906] Adding entry into typings cache: 'serve-static' => '/home/rodrigo/.cache/typescript/4.5/node_modules/@types/serve-static/index.d.ts'
[18:43:36.907] Adding entry into typings cache: 'sprintf' => '/home/rodrigo/.cache/typescript/4.5/node_modules/@types/sprintf/index.d.ts'
[18:43:36.933] Adding entry into typings cache: 'styled-components' => '/home/rodrigo/.cache/typescript/4.5/node_modules/@types/styled-components/index.d.ts'
[18:43:36.944] Adding entry into typings cache: 'testing-library__jest-dom' => '/home/rodrigo/.cache/typescript/4.5/node_modules/@types/testing-library__jest-dom/index.d.ts'
[18:43:36.945] Adding entry into typings cache: 'tryer' => '/home/rodrigo/.cache/typescript/4.5/node_modules/@types/tryer/index.d.ts'
[18:43:36.958] Adding entry into typings cache: 'yup' => '/home/rodrigo/.cache/typescript/4.5/node_modules/@types/yup/index.d.ts'
[18:43:36.958] Finished processing cache location '/home/rodrigo/.cache/typescript/4.5'
[18:43:36.958] Process id: 12520
[18:43:36.958] NPM location: /usr/bin/npm (explicit '--npmLocation' not  provided)
[18:43:36.959] validateDefaultNpmLocation: false
[18:43:36.959] Npm config file: /home/rodrigo/.cache/typescript/4.5/package.json
[18:43:36.959] Updating types-registry npm package...
[18:43:36.959] Exec: /usr/bin/npm install --ignore-scripts types-registry@latest
[18:43:38.801]     Succeeded. stdout:
    
    up to date, audited 127 packages in 2s

5 packages are looking for funding
  run `npm fund` for details

found 0 vulnerabilities

[18:43:38.801] Updated types-registry npm package
[18:43:39.275] Got install request {"projectName":"/dev/null/inferredProject1*","fileNames":["/home/rodrigo/Workspace/wikidex-learning-react/node_modules/typescript/lib/lib.es5.d.ts","/home/rodrigo/Workspace/wikidex-learning-react/node_modules/typescript/lib/lib.es2015.d.ts","/home/rodrigo/Workspace/wikidex-learning-react/node_modules/typescript/lib/lib.es2016.d.ts","/home/rodrigo/Workspace/wikidex-learning-react/node_modules/typescript/lib/lib.dom.d.ts","/home/rodrigo/Workspace/wikidex-learning-react/node_modules/typescript/lib/lib.dom.iterable.d.ts","/home/rodrigo/Workspace/wikidex-learning-react/node_modules/typescript/lib/lib.webworker.importscripts.d.ts","/home/rodrigo/Workspace/wikidex-learning-react/node_modules/typescript/lib/lib.scripthost.d.ts","/home/rodrigo/Workspace/wikidex-learning-react/node_modules/typescript/lib/lib.es2015.core.d.ts","/home/rodrigo/Workspace/wikidex-learning-react/node_modules/typescript/lib/lib.es2015.collection.d.ts","/home/rodrigo/Workspace/wikidex-learning-react/node_modules/typescript/lib/lib.es2015.generator.d.ts","/home/rodrigo/Workspace/wikidex-learning-react/node_modules/typescript/lib/lib.es2015.iterable.d.ts","/home/rodrigo/Workspace/wikidex-learning-react/node_modules/typescript/lib/lib.es2015.promise.d.ts","/home/rodrigo/Workspace/wikidex-learning-react/node_modules/typescript/lib/lib.es2015.proxy.d.ts","/home/rodrigo/Workspace/wikidex-learning-react/node_modules/typescript/lib/lib.es2015.reflect.d.ts","/home/rodrigo/Workspace/wikidex-learning-react/node_modules/typescript/lib/lib.es2015.symbol.d.ts","/home/rodrigo/Workspace/wikidex-learning-react/node_modules/typescript/lib/lib.es2015.symbol.wellknown.d.ts","/home/rodrigo/Workspace/wikidex-learning-react/node_modules/typescript/lib/lib.es2016.array.include.d.ts","/home/rodrigo/Workspace/wikidex-learning-react/node_modules/typescript/lib/lib.es2016.full.d.ts","/home/rodrigo/Workspace/wikidex-learning-react/src/App.js"],"compilerOptions":{"module":1,"target":3,"jsx":1,"allowJs":true,"allowSyntheticDefaultImports":true,"allowNonTsExtensions":true,"noEmitForJsFiles":true,"maxNodeModuleJsDepth":2},"typeAcquisition":{"enable":true,"include":[],"exclude":[]},"unresolvedImports":[],"projectRootPath":"/home/rodrigo/Workspace/wikidex-learning-react/src","kind":"discover"}
[18:43:39.294] Loaded safelist from types map file '/home/rodrigo/Workspace/wikidex-learning-react/node_modules/typescript/lib/typesMap.json'
[18:43:39.295] Explicitly included types: []
[18:43:39.297] Inferred typings from unresolved imports: []
[18:43:39.298] Result: {"cachedTypingPaths":[],"newTypingNames":[],"filesToWatch":["/home/rodrigo/Workspace/wikidex-learning-react/src/bower_components","/home/rodrigo/Workspace/wikidex-learning-react/src/node_modules"]}
[18:43:39.298] Finished typings discovery: {"cachedTypingPaths":[],"newTypingNames":[],"filesToWatch":["/home/rodrigo/Workspace/wikidex-learning-react/src/bower_components","/home/rodrigo/Workspace/wikidex-learning-react/src/node_modules"]}
[18:43:39.299] DirectoryWatcher:: Added:: WatchInfo: /home/rodrigo/Workspace/wikidex-learning-react/src/bower_components
[18:43:39.300] DirectoryWatcher:: Added:: WatchInfo: /home/rodrigo/Workspace/wikidex-learning-react/src/bower_components 1 undefined Project: /dev/null/inferredProject1* watcher already invoked: false
[18:43:39.302] Elapsed:: 1.728744000196457ms DirectoryWatcher:: Added:: WatchInfo: /home/rodrigo/Workspace/wikidex-learning-react/src/bower_components 1 undefined Project: /dev/null/inferredProject1* watcher already invoked: false
[18:43:39.302] DirectoryWatcher:: Added:: WatchInfo: /home/rodrigo/Workspace/wikidex-learning-react/src/node_modules
[18:43:39.302] DirectoryWatcher:: Added:: WatchInfo: /home/rodrigo/Workspace/wikidex-learning-react/src/node_modules 1 undefined Project: /dev/null/inferredProject1* watcher already invoked: false
[18:43:39.302] Elapsed:: 0.1511869989335537ms DirectoryWatcher:: Added:: WatchInfo: /home/rodrigo/Workspace/wikidex-learning-react/src/node_modules 1 undefined Project: /dev/null/inferredProject1* watcher already invoked: false
[18:43:39.302] Sending response:
    {"projectName":"/dev/null/inferredProject1*","typeAcquisition":{"enable":true,"include":[],"exclude":[]},"compilerOptions":{"module":1,"target":3,"jsx":1,"allowJs":true,"allowSyntheticDefaultImports":true,"allowNonTsExtensions":true,"noEmitForJsFiles":true,"maxNodeModuleJsDepth":2},"typings":[],"unresolvedImports":[],"kind":"action::set"}
[18:43:39.303] Response has been sent.
[18:43:39.303] No new typings were requested as a result of typings discovery
[18:54:10.801] Got install request {"projectName":"/dev/null/inferredProject2*","fileNames":["/home/rodrigo/Workspace/wikidex-learning-react/node_modules/typescript/lib/lib.es5.d.ts","/home/rodrigo/Workspace/wikidex-learning-react/node_modules/typescript/lib/lib.es2015.d.ts","/home/rodrigo/Workspace/wikidex-learning-react/node_modules/typescript/lib/lib.es2016.d.ts","/home/rodrigo/Workspace/wikidex-learning-react/node_modules/typescript/lib/lib.dom.d.ts","/home/rodrigo/Workspace/wikidex-learning-react/node_modules/typescript/lib/lib.dom.iterable.d.ts","/home/rodrigo/Workspace/wikidex-learning-react/node_modules/typescript/lib/lib.webworker.importscripts.d.ts","/home/rodrigo/Workspace/wikidex-learning-react/node_modules/typescript/lib/lib.scripthost.d.ts","/home/rodrigo/Workspace/wikidex-learning-react/node_modules/typescript/lib/lib.es2015.core.d.ts","/home/rodrigo/Workspace/wikidex-learning-react/node_modules/typescript/lib/lib.es2015.collection.d.ts","/home/rodrigo/Workspace/wikidex-learning-react/node_modules/typescript/lib/lib.es2015.generator.d.ts","/home/rodrigo/Workspace/wikidex-learning-react/node_modules/typescript/lib/lib.es2015.iterable.d.ts","/home/rodrigo/Workspace/wikidex-learning-react/node_modules/typescript/lib/lib.es2015.promise.d.ts","/home/rodrigo/Workspace/wikidex-learning-react/node_modules/typescript/lib/lib.es2015.proxy.d.ts","/home/rodrigo/Workspace/wikidex-learning-react/node_modules/typescript/lib/lib.es2015.reflect.d.ts","/home/rodrigo/Workspace/wikidex-learning-react/node_modules/typescript/lib/lib.es2015.symbol.d.ts","/home/rodrigo/Workspace/wikidex-learning-react/node_modules/typescript/lib/lib.es2015.symbol.wellknown.d.ts","/home/rodrigo/Workspace/wikidex-learning-react/node_modules/typescript/lib/lib.es2016.array.include.d.ts","/home/rodrigo/Workspace/wikidex-learning-react/node_modules/typescript/lib/lib.es2016.full.d.ts","/home/rodrigo/Workspace/wikidex-learning-react/src/App.js","/home/rodrigo/Workspace/wikidex-learning-react/src/reportWebVitals.js","/home/rodrigo/Workspace/wikidex-learning-react/src/index.js"],"compilerOptions":{"module":1,"target":3,"jsx":1,"allowJs":true,"allowSyntheticDefaultImports":true,"allowNonTsExtensions":true,"noEmitForJsFiles":true,"maxNodeModuleJsDepth":2},"typeAcquisition":{"enable":true,"include":[],"exclude":[]},"unresolvedImports":[],"projectRootPath":"/home/rodrigo/Workspace/wikidex-learning-react/src","kind":"discover"}
[18:54:10.801] Explicitly included types: []
[18:54:10.801] Inferred typings from unresolved imports: []
[18:54:10.801] Result: {"cachedTypingPaths":[],"newTypingNames":[],"filesToWatch":["/home/rodrigo/Workspace/wikidex-learning-react/src/bower_components","/home/rodrigo/Workspace/wikidex-learning-react/src/node_modules"]}
[18:54:10.801] Finished typings discovery: {"cachedTypingPaths":[],"newTypingNames":[],"filesToWatch":["/home/rodrigo/Workspace/wikidex-learning-react/src/bower_components","/home/rodrigo/Workspace/wikidex-learning-react/src/node_modules"]}
[18:54:10.801] DirectoryWatcher:: Added:: WatchInfo: /home/rodrigo/Workspace/wikidex-learning-react/src/bower_components
[18:54:10.801] DirectoryWatcher:: Added:: WatchInfo: /home/rodrigo/Workspace/wikidex-learning-react/src/bower_components 1 undefined Project: /dev/null/inferredProject2* watcher already invoked: false
[18:54:10.801] Elapsed:: 0.020437002182006836ms DirectoryWatcher:: Added:: WatchInfo: /home/rodrigo/Workspace/wikidex-learning-react/src/bower_components 1 undefined Project: /dev/null/inferredProject2* watcher already invoked: false
[18:54:10.801] DirectoryWatcher:: Added:: WatchInfo: /home/rodrigo/Workspace/wikidex-learning-react/src/node_modules
[18:54:10.801] DirectoryWatcher:: Added:: WatchInfo: /home/rodrigo/Workspace/wikidex-learning-react/src/node_modules 1 undefined Project: /dev/null/inferredProject2* watcher already invoked: false
[18:54:10.802] Elapsed:: 0.01680300012230873ms DirectoryWatcher:: Added:: WatchInfo: /home/rodrigo/Workspace/wikidex-learning-react/src/node_modules 1 undefined Project: /dev/null/inferredProject2* watcher already invoked: false
[18:54:10.802] Sending response:
    {"projectName":"/dev/null/inferredProject2*","typeAcquisition":{"enable":true,"include":[],"exclude":[]},"compilerOptions":{"module":1,"target":3,"jsx":1,"allowJs":true,"allowSyntheticDefaultImports":true,"allowNonTsExtensions":true,"noEmitForJsFiles":true,"maxNodeModuleJsDepth":2},"typings":[],"unresolvedImports":[],"kind":"action::set"}
[18:54:10.802] Response has been sent.
[18:54:10.802] No new typings were requested as a result of typings discovery
[18:54:19.222] Got install request {"projectName":"/dev/null/inferredProject2*","fileNames":["/home/rodrigo/Workspace/wikidex-learning-react/node_modules/typescript/lib/lib.es5.d.ts","/home/rodrigo/Workspace/wikidex-learning-react/node_modules/typescript/lib/lib.es2015.d.ts","/home/rodrigo/Workspace/wikidex-learning-react/node_modules/typescript/lib/lib.es2016.d.ts","/home/rodrigo/Workspace/wikidex-learning-react/node_modules/typescript/lib/lib.dom.d.ts","/home/rodrigo/Workspace/wikidex-learning-react/node_modules/typescript/lib/lib.dom.iterable.d.ts","/home/rodrigo/Workspace/wikidex-learning-react/node_modules/typescript/lib/lib.webworker.importscripts.d.ts","/home/rodrigo/Workspace/wikidex-learning-react/node_modules/typescript/lib/lib.scripthost.d.ts","/home/rodrigo/Workspace/wikidex-learning-react/node_modules/typescript/lib/lib.es2015.core.d.ts","/home/rodrigo/Workspace/wikidex-learning-react/node_modules/typescript/lib/lib.es2015.collection.d.ts","/home/rodrigo/Workspace/wikidex-learning-react/node_modules/typescript/lib/lib.es2015.generator.d.ts","/home/rodrigo/Workspace/wikidex-learning-react/node_modules/typescript/lib/lib.es2015.iterable.d.ts","/home/rodrigo/Workspace/wikidex-learning-react/node_modules/typescript/lib/lib.es2015.promise.d.ts","/home/rodrigo/Workspace/wikidex-learning-react/node_modules/typescript/lib/lib.es2015.proxy.d.ts","/home/rodrigo/Workspace/wikidex-learning-react/node_modules/typescript/lib/lib.es2015.reflect.d.ts","/home/rodrigo/Workspace/wikidex-learning-react/node_modules/typescript/lib/lib.es2015.symbol.d.ts","/home/rodrigo/Workspace/wikidex-learning-react/node_modules/typescript/lib/lib.es2015.symbol.wellknown.d.ts","/home/rodrigo/Workspace/wikidex-learning-react/node_modules/typescript/lib/lib.es2016.array.include.d.ts","/home/rodrigo/Workspace/wikidex-learning-react/node_modules/typescript/lib/lib.es2016.full.d.ts","/home/rodrigo/Workspace/wikidex-learning-react/src/App.js"],"compilerOptions":{"module":1,"target":3,"jsx":1,"allowJs":true,"allowSyntheticDefaultImports":true,"allowNonTsExtensions":true,"noEmitForJsFiles":true,"maxNodeModuleJsDepth":2},"typeAcquisition":{"enable":true,"include":[],"exclude":[]},"unresolvedImports":[],"projectRootPath":"/home/rodrigo/Workspace/wikidex-learning-react/src","kind":"discover"}
[18:54:19.223] Explicitly included types: []
[18:54:19.223] Inferred typings from unresolved imports: []
[18:54:19.223] Result: {"cachedTypingPaths":[],"newTypingNames":[],"filesToWatch":["/home/rodrigo/Workspace/wikidex-learning-react/src/bower_components","/home/rodrigo/Workspace/wikidex-learning-react/src/node_modules"]}
[18:54:19.223] Finished typings discovery: {"cachedTypingPaths":[],"newTypingNames":[],"filesToWatch":["/home/rodrigo/Workspace/wikidex-learning-react/src/bower_components","/home/rodrigo/Workspace/wikidex-learning-react/src/node_modules"]}
[18:54:19.224] Sending response:
    {"projectName":"/dev/null/inferredProject2*","typeAcquisition":{"enable":true,"include":[],"exclude":[]},"compilerOptions":{"module":1,"target":3,"jsx":1,"allowJs":true,"allowSyntheticDefaultImports":true,"allowNonTsExtensions":true,"noEmitForJsFiles":true,"maxNodeModuleJsDepth":2},"typings":[],"unresolvedImports":[],"kind":"action::set"}
[18:54:19.224] Response has been sent.
[18:54:19.224] No new typings were requested as a result of typings discovery
[19:20:00.525] Got install request {"projectName":"/dev/null/inferredProject3*","fileNames":["/home/rodrigo/Workspace/wikidex-learning-react/node_modules/typescript/lib/lib.es5.d.ts","/home/rodrigo/Workspace/wikidex-learning-react/node_modules/typescript/lib/lib.es2015.d.ts","/home/rodrigo/Workspace/wikidex-learning-react/node_modules/typescript/lib/lib.es2016.d.ts","/home/rodrigo/Workspace/wikidex-learning-react/node_modules/typescript/lib/lib.dom.d.ts","/home/rodrigo/Workspace/wikidex-learning-react/node_modules/typescript/lib/lib.dom.iterable.d.ts","/home/rodrigo/Workspace/wikidex-learning-react/node_modules/typescript/lib/lib.webworker.importscripts.d.ts","/home/rodrigo/Workspace/wikidex-learning-react/node_modules/typescript/lib/lib.scripthost.d.ts","/home/rodrigo/Workspace/wikidex-learning-react/node_modules/typescript/lib/lib.es2015.core.d.ts","/home/rodrigo/Workspace/wikidex-learning-react/node_modules/typescript/lib/lib.es2015.collection.d.ts","/home/rodrigo/Workspace/wikidex-learning-react/node_modules/typescript/lib/lib.es2015.generator.d.ts","/home/rodrigo/Workspace/wikidex-learning-react/node_modules/typescript/lib/lib.es2015.iterable.d.ts","/home/rodrigo/Workspace/wikidex-learning-react/node_modules/typescript/lib/lib.es2015.promise.d.ts","/home/rodrigo/Workspace/wikidex-learning-react/node_modules/typescript/lib/lib.es2015.proxy.d.ts","/home/rodrigo/Workspace/wikidex-learning-react/node_modules/typescript/lib/lib.es2015.reflect.d.ts","/home/rodrigo/Workspace/wikidex-learning-react/node_modules/typescript/lib/lib.es2015.symbol.d.ts","/home/rodrigo/Workspace/wikidex-learning-react/node_modules/typescript/lib/lib.es2015.symbol.wellknown.d.ts","/home/rodrigo/Workspace/wikidex-learning-react/node_modules/typescript/lib/lib.es2016.array.include.d.ts","/home/rodrigo/Workspace/wikidex-learning-react/node_modules/typescript/lib/lib.es2016.full.d.ts","/home/rodrigo/Workspace/wikidex-learning-react/src/App.js","/home/rodrigo/Workspace/wikidex-learning-react/src/reportWebVitals.js","/home/rodrigo/Workspace/wikidex-learning-react/src/index.js"],"compilerOptions":{"module":1,"target":3,"jsx":1,"allowJs":true,"allowSyntheticDefaultImports":true,"allowNonTsExtensions":true,"noEmitForJsFiles":true,"maxNodeModuleJsDepth":2},"typeAcquisition":{"enable":true,"include":[],"exclude":[]},"unresolvedImports":[],"projectRootPath":"/home/rodrigo/Workspace/wikidex-learning-react/src","kind":"discover"}
[19:20:00.525] Explicitly included types: []
[19:20:00.526] Inferred typings from unresolved imports: []
[19:20:00.526] Result: {"cachedTypingPaths":[],"newTypingNames":[],"filesToWatch":["/home/rodrigo/Workspace/wikidex-learning-react/src/bower_components","/home/rodrigo/Workspace/wikidex-learning-react/src/node_modules"]}
[19:20:00.526] Finished typings discovery: {"cachedTypingPaths":[],"newTypingNames":[],"filesToWatch":["/home/rodrigo/Workspace/wikidex-learning-react/src/bower_components","/home/rodrigo/Workspace/wikidex-learning-react/src/node_modules"]}
[19:20:00.526] DirectoryWatcher:: Added:: WatchInfo: /home/rodrigo/Workspace/wikidex-learning-react/src/bower_components
[19:20:00.526] DirectoryWatcher:: Added:: WatchInfo: /home/rodrigo/Workspace/wikidex-learning-react/src/bower_components 1 undefined Project: /dev/null/inferredProject3* watcher already invoked: false
[19:20:00.526] Elapsed:: 0.019550997763872147ms DirectoryWatcher:: Added:: WatchInfo: /home/rodrigo/Workspace/wikidex-learning-react/src/bower_components 1 undefined Project: /dev/null/inferredProject3* watcher already invoked: false
[19:20:00.526] DirectoryWatcher:: Added:: WatchInfo: /home/rodrigo/Workspace/wikidex-learning-react/src/node_modules
[19:20:00.526] DirectoryWatcher:: Added:: WatchInfo: /home/rodrigo/Workspace/wikidex-learning-react/src/node_modules 1 undefined Project: /dev/null/inferredProject3* watcher already invoked: false
[19:20:00.526] Elapsed:: 0.011272002011537552ms DirectoryWatcher:: Added:: WatchInfo: /home/rodrigo/Workspace/wikidex-learning-react/src/node_modules 1 undefined Project: /dev/null/inferredProject3* watcher already invoked: false
[19:20:00.526] Sending response:
    {"projectName":"/dev/null/inferredProject3*","typeAcquisition":{"enable":true,"include":[],"exclude":[]},"compilerOptions":{"module":1,"target":3,"jsx":1,"allowJs":true,"allowSyntheticDefaultImports":true,"allowNonTsExtensions":true,"noEmitForJsFiles":true,"maxNodeModuleJsDepth":2},"typings":[],"unresolvedImports":[],"kind":"action::set"}
[19:20:00.526] Response has been sent.
[19:20:00.526] No new typings were requested as a result of typings discovery
[19:20:36.657] Got install request {"projectName":"/dev/null/inferredProject3*","fileNames":["/home/rodrigo/Workspace/wikidex-learning-react/node_modules/typescript/lib/lib.es5.d.ts","/home/rodrigo/Workspace/wikidex-learning-react/node_modules/typescript/lib/lib.es2015.d.ts","/home/rodrigo/Workspace/wikidex-learning-react/node_modules/typescript/lib/lib.es2016.d.ts","/home/rodrigo/Workspace/wikidex-learning-react/node_modules/typescript/lib/lib.dom.d.ts","/home/rodrigo/Workspace/wikidex-learning-react/node_modules/typescript/lib/lib.dom.iterable.d.ts","/home/rodrigo/Workspace/wikidex-learning-react/node_modules/typescript/lib/lib.webworker.importscripts.d.ts","/home/rodrigo/Workspace/wikidex-learning-react/node_modules/typescript/lib/lib.scripthost.d.ts","/home/rodrigo/Workspace/wikidex-learning-react/node_modules/typescript/lib/lib.es2015.core.d.ts","/home/rodrigo/Workspace/wikidex-learning-react/node_modules/typescript/lib/lib.es2015.collection.d.ts","/home/rodrigo/Workspace/wikidex-learning-react/node_modules/typescript/lib/lib.es2015.generator.d.ts","/home/rodrigo/Workspace/wikidex-learning-react/node_modules/typescript/lib/lib.es2015.iterable.d.ts","/home/rodrigo/Workspace/wikidex-learning-react/node_modules/typescript/lib/lib.es2015.promise.d.ts","/home/rodrigo/Workspace/wikidex-learning-react/node_modules/typescript/lib/lib.es2015.proxy.d.ts","/home/rodrigo/Workspace/wikidex-learning-react/node_modules/typescript/lib/lib.es2015.reflect.d.ts","/home/rodrigo/Workspace/wikidex-learning-react/node_modules/typescript/lib/lib.es2015.symbol.d.ts","/home/rodrigo/Workspace/wikidex-learning-react/node_modules/typescript/lib/lib.es2015.symbol.wellknown.d.ts","/home/rodrigo/Workspace/wikidex-learning-react/node_modules/typescript/lib/lib.es2016.array.include.d.ts","/home/rodrigo/Workspace/wikidex-learning-react/node_modules/typescript/lib/lib.es2016.full.d.ts","/home/rodrigo/Workspace/wikidex-learning-react/src/App.js"],"compilerOptions":{"module":1,"target":3,"jsx":1,"allowJs":true,"allowSyntheticDefaultImports":true,"allowNonTsExtensions":true,"noEmitForJsFiles":true,"maxNodeModuleJsDepth":2},"typeAcquisition":{"enable":true,"include":[],"exclude":[]},"unresolvedImports":[],"projectRootPath":"/home/rodrigo/Workspace/wikidex-learning-react/src","kind":"discover"}
[19:20:36.657] Explicitly included types: []
[19:20:36.658] Inferred typings from unresolved imports: []
[19:20:36.658] Result: {"cachedTypingPaths":[],"newTypingNames":[],"filesToWatch":["/home/rodrigo/Workspace/wikidex-learning-react/src/bower_components","/home/rodrigo/Workspace/wikidex-learning-react/src/node_modules"]}
[19:20:36.658] Finished typings discovery: {"cachedTypingPaths":[],"newTypingNames":[],"filesToWatch":["/home/rodrigo/Workspace/wikidex-learning-react/src/bower_components","/home/rodrigo/Workspace/wikidex-learning-react/src/node_modules"]}
[19:20:36.658] Sending response:
    {"projectName":"/dev/null/inferredProject3*","typeAcquisition":{"enable":true,"include":[],"exclude":[]},"compilerOptions":{"module":1,"target":3,"jsx":1,"allowJs":true,"allowSyntheticDefaultImports":true,"allowNonTsExtensions":true,"noEmitForJsFiles":true,"maxNodeModuleJsDepth":2},"typings":[],"unresolvedImports":[],"kind":"action::set"}
[19:20:36.659] Response has been sent.
[19:20:36.659] No new typings were requested as a result of typings discovery
